Traceback (most recent call last):
  File "/home/eemensch/.local/lib/python3.10/site-packages/jupyter_cache/executors/utils.py", line 51, in single_nb_execution
    executenb(
  File "/home/eemensch/.local/lib/python3.10/site-packages/nbclient/client.py", line 1204, in execute
    return NotebookClient(nb=nb, resources=resources, km=km, **kwargs).execute()
  File "/home/eemensch/.local/lib/python3.10/site-packages/nbclient/util.py", line 84, in wrapped
    return just_run(coro(*args, **kwargs))
  File "/home/eemensch/.local/lib/python3.10/site-packages/nbclient/util.py", line 62, in just_run
    return loop.run_until_complete(coro)
  File "/usr/lib/python3.10/asyncio/base_events.py", line 646, in run_until_complete
    return future.result()
  File "/home/eemensch/.local/lib/python3.10/site-packages/nbclient/client.py", line 663, in async_execute
    await self.async_execute_cell(
  File "/home/eemensch/.local/lib/python3.10/site-packages/nbclient/client.py", line 965, in async_execute_cell
    await self._check_raise_for_error(cell, cell_index, exec_reply)
  File "/home/eemensch/.local/lib/python3.10/site-packages/nbclient/client.py", line 862, in _check_raise_for_error
    raise CellExecutionError.from_cell_and_msg(cell, exec_reply_content)
nbclient.exceptions.CellExecutionError: An error occurred while executing the following cell:
------------------
import schemdraw
import schemdraw.elements as elm

import matplotlib

%matplotlib inline
%config InlineBackend.figure_format = 'svg'

d = schemdraw.Drawing(fontsize=12)
d += (A1 := elm.Dot())
d += (L := elm.Inductor2().label('L'))
d += (C := elm.Capacitor().down().label('C', loc='bottom'))
d += (w1 := elm.Line().left().tox(A1.start))
d += (A2 := elm.Dot())
d += (w2 := elm.Line().right().at(C.start))
d += (R := elm.Resistor().down().label('R'))
d += (w4 := elm.Line().right().at(R.start))
d += (B1 := elm.Dot())
d += (w3 := elm.Line().right().at(C.end))
d += (w4 := elm.Line().right())
d += (B2 := elm.Dot())
d += (oc_out := elm.Gap().endpoints(B1.start, B2.end).label(['+', r'$y(t)$', '-']))
d += (oc_in := elm.Gap().endpoints(A1.start, A2.end).label(['+', r'$x(t)$', '-']))

d.draw()
------------------

[0;31m---------------------------------------------------------------------------[0m
[0;31mModuleNotFoundError[0m                       Traceback (most recent call last)
Input [0;32mIn [1][0m, in [0;36m<cell line: 1>[0;34m()[0m
[0;32m----> 1[0m [38;5;28;01mimport[39;00m [38;5;21;01mschemdraw[39;00m
[1;32m      2[0m [38;5;28;01mimport[39;00m [38;5;21;01mschemdraw[39;00m[38;5;21;01m.[39;00m[38;5;21;01melements[39;00m [38;5;28;01mas[39;00m [38;5;21;01melm[39;00m
[1;32m      4[0m [38;5;28;01mimport[39;00m [38;5;21;01mmatplotlib[39;00m

[0;31mModuleNotFoundError[0m: No module named 'schemdraw'
ModuleNotFoundError: No module named 'schemdraw'

